[debug] [2022-04-25T00:06:50.029Z] ----------------------------------------------------------------------
[debug] [2022-04-25T00:06:50.030Z] Command:       /usr/local/bin/node /usr/local/bin/firebase init
[debug] [2022-04-25T00:06:50.030Z] CLI Version:   10.7.1
[debug] [2022-04-25T00:06:50.030Z] Platform:      darwin
[debug] [2022-04-25T00:06:50.031Z] Node Version:  v16.14.0
[debug] [2022-04-25T00:06:50.031Z] Time:          Sun Apr 24 2022 20:06:50 GMT-0400 (Eastern Daylight Time)
[debug] [2022-04-25T00:06:50.031Z] ----------------------------------------------------------------------
[debug] 
[debug] [2022-04-25T00:06:50.037Z] > command requires scopes: ["email","openid","https://www.googleapis.com/auth/cloudplatformprojects.readonly","https://www.googleapis.com/auth/firebase","https://www.googleapis.com/auth/cloud-platform"]
[debug] [2022-04-25T00:06:50.038Z] > authorizing via signed-in user (ramtin123@gmail.com)
[info] 
     ######## #### ########  ######## ########     ###     ######  ########
     ##        ##  ##     ## ##       ##     ##  ##   ##  ##       ##
     ######    ##  ########  ######   ########  #########  ######  ######
     ##        ##  ##    ##  ##       ##     ## ##     ##       ## ##
     ##       #### ##     ## ######## ########  ##     ##  ######  ########

You're about to initialize a Firebase project in this directory:

  /Users/ramtin/Desktop/hoopup

[info] 
=== Project Setup
[info] 
[info] First, let's associate this project directory with a Firebase project.
[info] You can create multiple project aliases by running firebase use --add, 
[info] but for now we'll just set up a default project.
[info] 
[debug] [2022-04-25T00:07:12.417Z] >>> [apiv2][query] GET https://firebase.googleapis.com/v1beta1/projects pageSize=100
[debug] [2022-04-25T00:07:12.737Z] <<< [apiv2][status] GET https://firebase.googleapis.com/v1beta1/projects 200
[debug] [2022-04-25T00:07:12.738Z] <<< [apiv2][body] GET https://firebase.googleapis.com/v1beta1/projects [omitted]
[info] i  Using project hoopup-85085 (HoopUp) 
[info] 
=== Hosting Setup
[info] 
[info] Your public directory is the folder (relative to your project directory) that
[info] will contain Hosting assets to be uploaded with firebase deploy. If you
[info] have a build process for your assets, use your build's output directory.
[info] 
